NOTE: All methodology types are used as an input context to the final LMM model.



METHODOLOGY: Question Only
This methodology submits the question directly to the final LMM without any additional context
ORIGINAL QUESTION: What are the main concerns with AI?
most_similar_faiss_sentences: []

There are 0 unique docs in a total of 0

SUMMARIZED RESPONSE: Do we think we better balance the freedom and convenience of humans, and the importance of having a world that is fair to all? What are our problems with AI? Which problems might we like to combat?
AVERAGE SCORE: 0.3675970430249916 
END OF Question Only METHODOLOGY



METHODOLOGY: Question & FAISS Vector
This methodology submits the user question to the FAISS index to find all of the related sentences within the assigned parameter ranges.  It then uses the question and FAISS sentences as context for the final LMM.
ORIGINAL QUESTION: What are the main concerns with AI?
most_similar_faiss_sentences: [('00226ddc-431c-4943-8409-2ac0b7dac433', 233, 'Concerns, further future, and sentient artificial intelligence\nTechnology can be misused.'), ('61f06291-5385-4dfb-acda-88f74e955c15', 709, 'As a General-Purpose Technology, AI will affect many areas of the\ncommercial and military sectors.'), ('80d78a9b-57d2-4060-9667-92e9378abaf3', 64, 'Privacy and data security also remain critical concerns, as AI applications deal with vast amounts of personal information.'), ('0a2a5371-9efa-4690-b0cb-f178af34228b', 18, 'This type of AI technology also could create critical privacy, security, confidentiality, and content concerns.'), ('0a2a5371-9efa-4690-b0cb-f178af34228b', 3, 'Although AI has clear benefits, it also brings many legal implications.'), ('1733c782-c96f-4594-91bc-e331af52112d', 1, 'What will artificial intelligence do to industries and jobs?'), ('61f06291-5385-4dfb-acda-88f74e955c15', 769, 'The challenges they faced were tremendous.122\nUnfortunately, AI has the potential to be every bit as fraught with risk\nas these prior cases, perhaps more so given the speed of technological\nprogress and the more complicated relationship between government\nand industry in the current era.'), ('0a2a5371-9efa-4690-b0cb-f178af34228b', 8, 'However, the reliance on AI as a decision-making mechanism has its risks, especially a financial risk to the user.'), ('00226ddc-431c-4943-8409-2ac0b7dac433', 112, 'Current forms of AI have limits.')]

There are 5 unique docs in a total of 9

SUMMARIZED RESPONSE: Artificial intelligence has clear benefits, but it also brings many legal implications. Cuadrilla's Case highlights the important role of trust in the use of AI. Privacy and data security also remain critical concerns.

	The doc ID, doc name and sentences used for this summary were:

	 00226ddc-431c-4943-8409-2ac0b7dac433 AI_4.txt 
		 Concerns, further future, and sentient artificial intelligence
Technology can be misused.

	 61f06291-5385-4dfb-acda-88f74e955c15 AI_2.txt 
		 As a General-Purpose Technology, AI will affect many areas of the
commercial and military sectors.

	 80d78a9b-57d2-4060-9667-92e9378abaf3 AI_3.txt 
		 Privacy and data security also remain critical concerns, as AI applications deal with vast amounts of personal information.

	 0a2a5371-9efa-4690-b0cb-f178af34228b AI_6.txt 
		 This type of AI technology also could create critical privacy, security, confidentiality, and content concerns.

	 0a2a5371-9efa-4690-b0cb-f178af34228b AI_6.txt 
		 Although AI has clear benefits, it also brings many legal implications.

	 1733c782-c96f-4594-91bc-e331af52112d AI_5.txt 
		 What will artificial intelligence do to industries and jobs?

	 61f06291-5385-4dfb-acda-88f74e955c15 AI_2.txt 
		 The challenges they faced were tremendous.122
Unfortunately, AI has the potential to be every bit as fraught with risk
as these prior cases, perhaps more so given the speed of technological
progress and the more complicated relationship between government
and industry in the current era.

	 0a2a5371-9efa-4690-b0cb-f178af34228b AI_6.txt 
		 However, the reliance on AI as a decision-making mechanism has its risks, especially a financial risk to the user.

	 00226ddc-431c-4943-8409-2ac0b7dac433 AI_4.txt 
		 Current forms of AI have limits.
AVERAGE SCORE: 0.48547268267240895 
END OF Question & FAISS Vector METHODOLOGY



METHODOLOGY: Question & FAISS Vector Summaries
This methodology generates a summary from all of the returned FAISS sentences.
The user question and summary are used as context for the final LMM.
ORIGINAL QUESTION: What are the main concerns with AI?
most_similar_faiss_sentences: [('00226ddc-431c-4943-8409-2ac0b7dac433', 233, 'Concerns, further future, and sentient artificial intelligence\nTechnology can be misused.'), ('61f06291-5385-4dfb-acda-88f74e955c15', 709, 'As a General-Purpose Technology, AI will affect many areas of the\ncommercial and military sectors.'), ('80d78a9b-57d2-4060-9667-92e9378abaf3', 64, 'Privacy and data security also remain critical concerns, as AI applications deal with vast amounts of personal information.'), ('0a2a5371-9efa-4690-b0cb-f178af34228b', 18, 'This type of AI technology also could create critical privacy, security, confidentiality, and content concerns.'), ('0a2a5371-9efa-4690-b0cb-f178af34228b', 3, 'Although AI has clear benefits, it also brings many legal implications.'), ('1733c782-c96f-4594-91bc-e331af52112d', 1, 'What will artificial intelligence do to industries and jobs?'), ('61f06291-5385-4dfb-acda-88f74e955c15', 769, 'The challenges they faced were tremendous.122\nUnfortunately, AI has the potential to be every bit as fraught with risk\nas these prior cases, perhaps more so given the speed of technological\nprogress and the more complicated relationship between government\nand industry in the current era.'), ('0a2a5371-9efa-4690-b0cb-f178af34228b', 8, 'However, the reliance on AI as a decision-making mechanism has its risks, especially a financial risk to the user.'), ('00226ddc-431c-4943-8409-2ac0b7dac433', 112, 'Current forms of AI have limits.')]

There are 5 unique docs in a total of 9

SUMMARIZED RESPONSE: The future is a mixed bag depending on the economic, cultural, technology, and political context. The key question is whether the business community is prepared to change its leadership to become the community of the digital industry. The more business leaders who embrace the business model, the brighter the future will look.

	The doc ID, doc name and sentences used for this summary were:

	 00226ddc-431c-4943-8409-2ac0b7dac433 AI_4.txt 
		 Concerns, further future, and sentient artificial intelligence
Technology can be misused.

	 61f06291-5385-4dfb-acda-88f74e955c15 AI_2.txt 
		 As a General-Purpose Technology, AI will affect many areas of the
commercial and military sectors.

	 80d78a9b-57d2-4060-9667-92e9378abaf3 AI_3.txt 
		 Privacy and data security also remain critical concerns, as AI applications deal with vast amounts of personal information.

	 0a2a5371-9efa-4690-b0cb-f178af34228b AI_6.txt 
		 This type of AI technology also could create critical privacy, security, confidentiality, and content concerns.

	 0a2a5371-9efa-4690-b0cb-f178af34228b AI_6.txt 
		 Although AI has clear benefits, it also brings many legal implications.

	 1733c782-c96f-4594-91bc-e331af52112d AI_5.txt 
		 What will artificial intelligence do to industries and jobs?

	 61f06291-5385-4dfb-acda-88f74e955c15 AI_2.txt 
		 The challenges they faced were tremendous.122
Unfortunately, AI has the potential to be every bit as fraught with risk
as these prior cases, perhaps more so given the speed of technological
progress and the more complicated relationship between government
and industry in the current era.

	 0a2a5371-9efa-4690-b0cb-f178af34228b AI_6.txt 
		 However, the reliance on AI as a decision-making mechanism has its risks, especially a financial risk to the user.

	 00226ddc-431c-4943-8409-2ac0b7dac433 AI_4.txt 
		 Current forms of AI have limits.
AVERAGE SCORE: 0.8820715833651618 
END OF Question & FAISS Vector Summaries METHODOLOGY



METHODOLOGY: Question & Related Docs
This methodology submits the question to the FAISS index to determine its related docs.
It then uses the question and related docs as context to the final LMM.
ORIGINAL QUESTION: What are the main concerns with AI?
most_similar_faiss_sentences: [('00226ddc-431c-4943-8409-2ac0b7dac433', 233, 'Concerns, further future, and sentient artificial intelligence\nTechnology can be misused.'), ('61f06291-5385-4dfb-acda-88f74e955c15', 709, 'As a General-Purpose Technology, AI will affect many areas of the\ncommercial and military sectors.'), ('80d78a9b-57d2-4060-9667-92e9378abaf3', 64, 'Privacy and data security also remain critical concerns, as AI applications deal with vast amounts of personal information.'), ('0a2a5371-9efa-4690-b0cb-f178af34228b', 18, 'This type of AI technology also could create critical privacy, security, confidentiality, and content concerns.'), ('0a2a5371-9efa-4690-b0cb-f178af34228b', 3, 'Although AI has clear benefits, it also brings many legal implications.'), ('1733c782-c96f-4594-91bc-e331af52112d', 1, 'What will artificial intelligence do to industries and jobs?'), ('61f06291-5385-4dfb-acda-88f74e955c15', 769, 'The challenges they faced were tremendous.122\nUnfortunately, AI has the potential to be every bit as fraught with risk\nas these prior cases, perhaps more so given the speed of technological\nprogress and the more complicated relationship between government\nand industry in the current era.'), ('0a2a5371-9efa-4690-b0cb-f178af34228b', 8, 'However, the reliance on AI as a decision-making mechanism has its risks, especially a financial risk to the user.'), ('00226ddc-431c-4943-8409-2ac0b7dac433', 112, 'Current forms of AI have limits.')]

There are 5 unique docs in a total of 9
	Processing document: 61f06291-5385-4dfb-acda-88f74e955c15 AI_2.txt
	Intermediate Summary Answer:
		 The Econometrica method has been modified a number of times since the 1970s. The most popular of which, the Econometa method, uses nonlinearity. There is a question of the validity of the number "C/B" (Eklesi - Klesi/Eka)
	Processing document: 0a2a5371-9efa-4690-b0cb-f178af34228b AI_6.txt
	Intermediate Summary Answer:
		 Artificial intelligence (AI) is beginning to be embraced by those within the sports world. Although AI has clear benefits, it also brings many legal implications. This alert examines the many ways in which AI is currently being used in the sports industry.
	Processing document: 80d78a9b-57d2-4060-9667-92e9378abaf3 AI_3.txt
	Intermediate Summary Answer:
		 Chatbots have undergone a remarkable transformation, reshaping how travelers interact with companies. The worldwide chatbot market size was estimated at a staggering USD 5,132.8 million in 2022. The average salary for a professional bot, which now represents 4% of its audience, is US$18,000.
	Processing document: 00226ddc-431c-4943-8409-2ac0b7dac433 AI_4.txt
	Intermediate Summary Answer:
		 Artificial intelligence (AI) will affect almost every aspect of our lives and replace many of our jobs. On one view, machines are well suited to take over automated tasks and humans would remain important to creative endeavors. In what follows, I survey what it means for humans to appreciate and produce art and what AI seems capable of.
	Processing document: 1733c782-c96f-4594-91bc-e331af52112d AI_5.txt
	Intermediate Summary Answer:
		 Mihir A. Desai and Jedrzej Krzyszkowski: The experience of finance is both encouraging and sobering for an AI-dominated future. They explore the importance of the social and political process when considering the implications of AI in finance.

SUMMARIZED RESPONSE: Artificial intelligence (AI) is beginning to be embraced by those within the sports world. Chatbots have undergone a remarkable transformation, reshaping how travelers interact with companies. Mihir A. Desai and Jedrzej Krzyszkowski: The experience of finance is both encouraging and sobering for an AI-dominated future.

	The doc ID, doc name and sentences used for this summary were:

	 00226ddc-431c-4943-8409-2ac0b7dac433 AI_4.txt 
		 Concerns, further future, and sentient artificial intelligence
Technology can be misused.

	 61f06291-5385-4dfb-acda-88f74e955c15 AI_2.txt 
		 As a General-Purpose Technology, AI will affect many areas of the
commercial and military sectors.

	 80d78a9b-57d2-4060-9667-92e9378abaf3 AI_3.txt 
		 Privacy and data security also remain critical concerns, as AI applications deal with vast amounts of personal information.

	 0a2a5371-9efa-4690-b0cb-f178af34228b AI_6.txt 
		 This type of AI technology also could create critical privacy, security, confidentiality, and content concerns.

	 0a2a5371-9efa-4690-b0cb-f178af34228b AI_6.txt 
		 Although AI has clear benefits, it also brings many legal implications.

	 1733c782-c96f-4594-91bc-e331af52112d AI_5.txt 
		 What will artificial intelligence do to industries and jobs?

	 61f06291-5385-4dfb-acda-88f74e955c15 AI_2.txt 
		 The challenges they faced were tremendous.122
Unfortunately, AI has the potential to be every bit as fraught with risk
as these prior cases, perhaps more so given the speed of technological
progress and the more complicated relationship between government
and industry in the current era.

	 0a2a5371-9efa-4690-b0cb-f178af34228b AI_6.txt 
		 However, the reliance on AI as a decision-making mechanism has its risks, especially a financial risk to the user.

	 00226ddc-431c-4943-8409-2ac0b7dac433 AI_4.txt 
		 Current forms of AI have limits.
AVERAGE SCORE: 0.496269901090393 
END OF Question & Related Docs METHODOLOGY



METHODOLOGY: Question, FAISS Vector & Related Docs
This methodology is the same as the Question & FAISS Vector methodology but also includes the FAISS-related docs in the context for the final LMM.
ORIGINAL QUESTION: What are the main concerns with AI?
most_similar_faiss_sentences: [('00226ddc-431c-4943-8409-2ac0b7dac433', 233, 'Concerns, further future, and sentient artificial intelligence\nTechnology can be misused.'), ('61f06291-5385-4dfb-acda-88f74e955c15', 709, 'As a General-Purpose Technology, AI will affect many areas of the\ncommercial and military sectors.'), ('80d78a9b-57d2-4060-9667-92e9378abaf3', 64, 'Privacy and data security also remain critical concerns, as AI applications deal with vast amounts of personal information.'), ('0a2a5371-9efa-4690-b0cb-f178af34228b', 18, 'This type of AI technology also could create critical privacy, security, confidentiality, and content concerns.'), ('0a2a5371-9efa-4690-b0cb-f178af34228b', 3, 'Although AI has clear benefits, it also brings many legal implications.'), ('1733c782-c96f-4594-91bc-e331af52112d', 1, 'What will artificial intelligence do to industries and jobs?'), ('61f06291-5385-4dfb-acda-88f74e955c15', 769, 'The challenges they faced were tremendous.122\nUnfortunately, AI has the potential to be every bit as fraught with risk\nas these prior cases, perhaps more so given the speed of technological\nprogress and the more complicated relationship between government\nand industry in the current era.'), ('0a2a5371-9efa-4690-b0cb-f178af34228b', 8, 'However, the reliance on AI as a decision-making mechanism has its risks, especially a financial risk to the user.'), ('00226ddc-431c-4943-8409-2ac0b7dac433', 112, 'Current forms of AI have limits.')]

There are 5 unique docs in a total of 9
	Processing document: 61f06291-5385-4dfb-acda-88f74e955c15 AI_2.txt
	Intermediate Summary Answer:
		 The study was conducted on behalf of Dr. Jason Matheny, Director of the U.S. Intelligence Advanced Research Projects Activity. The authors thank their advisors at Harvard Kennedy School and Harvard Business School for their insight and dedication.
	Processing document: 0a2a5371-9efa-4690-b0cb-f178af34228b AI_6.txt
	Intermediate Summary Answer:
		 In 2015, the market for digital business models was valued at about US$1.3 billion. The market for virtual reality products was worth over US$45 billion in the second half of 2016 alone. As more companies begin to explore the potential of virtual reality and the potential business potential thereof, those connected to game development will see an even more positive connection to reality.
	Processing document: 80d78a9b-57d2-4060-9667-92e9378abaf3 AI_3.txt
	Intermediate Summary Answer:
		 Artificial Intelligence (AI) is becoming widely used in various fields, impacting also the travel industry. Chatbots have undergone a remarkable transformation, reshaping how travelers interact with companies. The travel and tourism industry has embraced AI’s potential.
	Processing document: 00226ddc-431c-4943-8409-2ac0b7dac433 AI_4.txt
	Intermediate Summary Answer:
		 Artificial intelligence (AI) will affect almost every aspect of our lives and replace many of our jobs. On one view, machines are well suited to take over automated tasks and humans would remain important to creative endeavors. This essay looks at the ways AI may improve many of the human needs and wants we already face.
	Processing document: 1733c782-c96f-4594-91bc-e331af52112d AI_5.txt
	Intermediate Summary Answer:
		 Artificial intelligence (AI) has caused many people to question what an AI-dominated future looks like. Will AI transform industries? If so, will it democratize or consolidate them? Will it create better or worse outcomes? Outlines of answers can be found in the world of finance which has been transformed.

SUMMARIZED RESPONSE: The travel and tourism industry has embraced AI’s potential. In 2015, the market for digital business models was valued at about US$1.3 billion. The market for virtual reality products was worth over US$45 billion in the second half of 2016 alone.

	The doc ID, doc name and sentences used for this summary were:

	 00226ddc-431c-4943-8409-2ac0b7dac433 AI_4.txt 
		 Concerns, further future, and sentient artificial intelligence
Technology can be misused.

	 61f06291-5385-4dfb-acda-88f74e955c15 AI_2.txt 
		 As a General-Purpose Technology, AI will affect many areas of the
commercial and military sectors.

	 80d78a9b-57d2-4060-9667-92e9378abaf3 AI_3.txt 
		 Privacy and data security also remain critical concerns, as AI applications deal with vast amounts of personal information.

	 0a2a5371-9efa-4690-b0cb-f178af34228b AI_6.txt 
		 This type of AI technology also could create critical privacy, security, confidentiality, and content concerns.

	 0a2a5371-9efa-4690-b0cb-f178af34228b AI_6.txt 
		 Although AI has clear benefits, it also brings many legal implications.

	 1733c782-c96f-4594-91bc-e331af52112d AI_5.txt 
		 What will artificial intelligence do to industries and jobs?

	 61f06291-5385-4dfb-acda-88f74e955c15 AI_2.txt 
		 The challenges they faced were tremendous.122
Unfortunately, AI has the potential to be every bit as fraught with risk
as these prior cases, perhaps more so given the speed of technological
progress and the more complicated relationship between government
and industry in the current era.

	 0a2a5371-9efa-4690-b0cb-f178af34228b AI_6.txt 
		 However, the reliance on AI as a decision-making mechanism has its risks, especially a financial risk to the user.

	 00226ddc-431c-4943-8409-2ac0b7dac433 AI_4.txt 
		 Current forms of AI have limits.
AVERAGE SCORE: 0.5300278162912936 
END OF Question, FAISS Vector & Related Docs METHODOLOGY



METHODOLOGY: Question, FAISS Vector Summaries & Related Docs
This methodology 
ORIGINAL QUESTION: What are the main concerns with AI?
most_similar_faiss_sentences: [('00226ddc-431c-4943-8409-2ac0b7dac433', 233, 'Concerns, further future, and sentient artificial intelligence\nTechnology can be misused.'), ('61f06291-5385-4dfb-acda-88f74e955c15', 709, 'As a General-Purpose Technology, AI will affect many areas of the\ncommercial and military sectors.'), ('80d78a9b-57d2-4060-9667-92e9378abaf3', 64, 'Privacy and data security also remain critical concerns, as AI applications deal with vast amounts of personal information.'), ('0a2a5371-9efa-4690-b0cb-f178af34228b', 18, 'This type of AI technology also could create critical privacy, security, confidentiality, and content concerns.'), ('0a2a5371-9efa-4690-b0cb-f178af34228b', 3, 'Although AI has clear benefits, it also brings many legal implications.'), ('1733c782-c96f-4594-91bc-e331af52112d', 1, 'What will artificial intelligence do to industries and jobs?'), ('61f06291-5385-4dfb-acda-88f74e955c15', 769, 'The challenges they faced were tremendous.122\nUnfortunately, AI has the potential to be every bit as fraught with risk\nas these prior cases, perhaps more so given the speed of technological\nprogress and the more complicated relationship between government\nand industry in the current era.'), ('0a2a5371-9efa-4690-b0cb-f178af34228b', 8, 'However, the reliance on AI as a decision-making mechanism has its risks, especially a financial risk to the user.'), ('00226ddc-431c-4943-8409-2ac0b7dac433', 112, 'Current forms of AI have limits.')]

There are 5 unique docs in a total of 9
	Processing document: 61f06291-5385-4dfb-acda-88f74e955c15 AI_2.txt
	Intermediate Summary Answer:
		 The authors thank the Belfer Center for Science and International Affairs, Harvard Kennedy School, and the Mossavar-Rahmani Center for Business and Government for their generous financial support. This report is on behalf of Dr. Jason Matheny, Director of the U.S. Intelligence Advanced Research Projects Activity.
	Processing document: 0a2a5371-9efa-4690-b0cb-f178af34228b AI_6.txt
	Intermediate Summary Answer:
		 Artificial intelligence (AI) is beginning to be embraced by those within the sports world. Although AI has clear benefits, it also brings many legal implications. Privacy and data security remain critical concerns, as AI applications deal with vast amounts of personal information.
	Processing document: 80d78a9b-57d2-4060-9667-92e9378abaf3 AI_3.txt
	Intermediate Summary Answer:
		 Chatbots have emerged as a game-changer, reshaping how travelers interact with companies. The worldwide chatbot market size was estimated at a staggering USD 5,132.8 million in 2022. It now stands at US$ 2.1 billion.
	Processing document: 00226ddc-431c-4943-8409-2ac0b7dac433 AI_4.txt
	Intermediate Summary Answer:
		 Artificial Intelligence (AI) would affect almost every aspect of our lives and replace many of our jobs. On one view, machines are well suited to take over automated tasks and humans would remain important to creative endeavors. In this essay, I examine the potential role of AI in one especially creative human activity: art.
	Processing document: 1733c782-c96f-4594-91bc-e331af52112d AI_5.txt
	Intermediate Summary Answer:
		 Mihir Desai and Jedrzej Krzyszkowski: The experience of finance is both encouraging and sobering for an AI-dominated future. Desai: We must continue to improve and make a better and more powerful, more reliable industry.

SUMMARIZED RESPONSE: Artificial Intelligence (AI) would affect almost every aspect of our lives and replace many of our jobs. Chatbots have emerged as a game-changer, reshaping how travelers interact with companies. Although AI has clear benefits, it also brings many legal implications.

	The doc ID, doc name and sentences used for this summary were:

	 00226ddc-431c-4943-8409-2ac0b7dac433 AI_4.txt 
		 Concerns, further future, and sentient artificial intelligence
Technology can be misused.

	 61f06291-5385-4dfb-acda-88f74e955c15 AI_2.txt 
		 As a General-Purpose Technology, AI will affect many areas of the
commercial and military sectors.

	 80d78a9b-57d2-4060-9667-92e9378abaf3 AI_3.txt 
		 Privacy and data security also remain critical concerns, as AI applications deal with vast amounts of personal information.

	 0a2a5371-9efa-4690-b0cb-f178af34228b AI_6.txt 
		 This type of AI technology also could create critical privacy, security, confidentiality, and content concerns.

	 0a2a5371-9efa-4690-b0cb-f178af34228b AI_6.txt 
		 Although AI has clear benefits, it also brings many legal implications.

	 1733c782-c96f-4594-91bc-e331af52112d AI_5.txt 
		 What will artificial intelligence do to industries and jobs?

	 61f06291-5385-4dfb-acda-88f74e955c15 AI_2.txt 
		 The challenges they faced were tremendous.122
Unfortunately, AI has the potential to be every bit as fraught with risk
as these prior cases, perhaps more so given the speed of technological
progress and the more complicated relationship between government
and industry in the current era.

	 0a2a5371-9efa-4690-b0cb-f178af34228b AI_6.txt 
		 However, the reliance on AI as a decision-making mechanism has its risks, especially a financial risk to the user.

	 00226ddc-431c-4943-8409-2ac0b7dac433 AI_4.txt 
		 Current forms of AI have limits.
AVERAGE SCORE: 0.2627188933841745 
END OF Question, FAISS Vector Summaries & Related Docs METHODOLOGY


Generating question statistics...
